<?xml version="1.0" encoding="UTF-8"?>
<!-- Generated by org.testng.reporters.JUnitReportReporter -->
<testsuite hostname="anupsMachine" name="tests.SendMailTest" tests="2" failures="0" timestamp="18 Jul 2014 15:13:44 GMT" time="0.001" errors="0">
  <testcase name="testMailSending" time="0.000" classname="tests.SendMailTest"/>
  <testcase name="testMailSending" time="0.001" classname="tests.SendMailTest"/>
</testsuite> <!-- tests.SendMailTest -->
