<?xml version="1.0" encoding="UTF-8"?>
<!-- Generated by org.testng.reporters.JUnitReportReporter -->
<testsuite hostname="anupsMachine" name="tests.LoginTest" tests="2" failures="0" timestamp="18 Jul 2014 15:13:44 GMT" time="0.000" errors="0">
  <testcase name="testRegister" time="0.000" classname="tests.LoginTest"/>
  <testcase name="testLogin" time="0.000" classname="tests.LoginTest"/>
</testsuite> <!-- tests.LoginTest -->
